<?xml version="1.0" encoding="UTF-8" standalone="no"?>
<testsuite errors="0" failures="0" name="io.cucumber.core.plugin.JUnitFormatter" skipped="0" tests="4" time="0.593">
<testcase classname="login to facebook application" name="Test logon with valid credentials" time="0.147">
<system-out><![CDATA[Given Open chrome and start application.....................................passed
When I enter valid "ashu@gmail.com" and valid "ashu"........................passed
Then user should get error message..........................................passed
]]></system-out>
</testcase>
<testcase classname="login to facebook application" name="Test logon with valid credentials 2" time="0.005">
<system-out><![CDATA[Given Open chrome and start application.....................................passed
When I enter valid "ashu1@gmail.com" and valid "ashu1"......................passed
Then user should get error message..........................................passed
]]></system-out>
</testcase>
<testcase classname="login to facebook application" name="Test logon with valid credentials 3" time="0.007">
<system-out><![CDATA[Given Open chrome and start application.....................................passed
When I enter valid "ashu2@gmail.com" and valid "ashu2"......................passed
Then user should get error message..........................................passed
]]></system-out>
</testcase>
<testcase classname="login to facebook application" name="Test logon with valid credentials 4" time="0.008">
<system-out><![CDATA[Given Open chrome and start application.....................................passed
When I enter valid "ashu3@gmail.com" and valid "ashu3"......................passed
Then user should get error message..........................................passed
]]></system-out>
</testcase>
</testsuite>
